<?xml version="1.0" encoding="UTF-8"?>
<!-- Generated by org.testng.reporters.JUnitReportReporter -->
<testsuite hostname="DESKTOP-5D2GVN7" failures="0" tests="1" name="automationExercise.tests.Automation" time="35.137" errors="0" timestamp="2025-04-03T03:12:27 EET" skipped="0">
  <testcase classname="automationExercise.tests.Automation" name="completeUserJourney" time="35.137"/>
</testsuite> <!-- automationExercise.tests.Automation -->
